[2018-01-11 14:21:19.631] [main]  [INFO ] com.feeling.apollo.ApolloDemo Starting ApolloDemo on DESKTOP-BBHR8PN with PID 6724 (E:\eclipse_workspace\apollo\apllodemo\target\classes started by liangwenbo in E:\eclipse_workspace\apollo\apllodemo) 
[2018-01-11 14:21:19.631] [main]  [INFO ] com.feeling.apollo.ApolloDemo No active profile set, falling back to default profiles: default 
[2018-01-11 14:21:19.662] [main]  [INFO ] org.springframework.boot.context.embedded.AnnotationConfigEmbeddedWebApplicationContext Refreshing org.springframework.boot.context.embedded.AnnotationConfigEmbeddedWebApplicationContext@4f0c5ee9: startup date [Thu Jan 11 14:21:19 CST 2018]; root of context hierarchy 
[2018-01-11 14:21:20.303] [main]  [INFO ] org.springframework.beans.factory.xml.XmlBeanDefinitionReader Loading XML bean definitions from class path resource [config/bean-config.xml] 
[2018-01-11 14:21:20.490] [main]  [WARN ] org.mybatis.spring.mapper.ClassPathMapperScanner No MyBatis mapper was found in '[com.feeling.apollo]' package. Please check your configuration. 
[2018-01-11 14:21:20.803] [main]  [INFO ] org.springframework.context.support.PostProcessorRegistrationDelegate$BeanPostProcessorChecker Bean 'org.springframework.cache.annotation.ProxyCachingConfiguration' of type [org.springframework.cache.annotation.ProxyCachingConfiguration$$EnhancerBySpringCGLIB$$eedac81b] is not eligible for getting processed by all BeanPostProcessors (for example: not eligible for auto-proxying) 
[2018-01-11 14:21:20.808] [main]  [INFO ] org.springframework.context.support.PostProcessorRegistrationDelegate$BeanPostProcessorChecker Bean 'org.springframework.transaction.annotation.ProxyTransactionManagementConfiguration' of type [org.springframework.transaction.annotation.ProxyTransactionManagementConfiguration$$EnhancerBySpringCGLIB$$a5c891fd] is not eligible for getting processed by all BeanPostProcessors (for example: not eligible for auto-proxying) 
[2018-01-11 14:21:20.855] [main]  [INFO ] org.springframework.context.support.PostProcessorRegistrationDelegate$BeanPostProcessorChecker Bean 'org.springframework.boot.autoconfigure.cache.CacheAutoConfiguration' of type [org.springframework.boot.autoconfigure.cache.CacheAutoConfiguration$$EnhancerBySpringCGLIB$$e34e8cbf] is not eligible for getting processed by all BeanPostProcessors (for example: not eligible for auto-proxying) 
[2018-01-11 14:21:20.871] [main]  [INFO ] org.springframework.context.support.PostProcessorRegistrationDelegate$BeanPostProcessorChecker Bean 'spring.cache-org.springframework.boot.autoconfigure.cache.CacheProperties' of type [org.springframework.boot.autoconfigure.cache.CacheProperties] is not eligible for getting processed by all BeanPostProcessors (for example: not eligible for auto-proxying) 
[2018-01-11 14:21:20.871] [main]  [INFO ] org.springframework.context.support.PostProcessorRegistrationDelegate$BeanPostProcessorChecker Bean 'org.springframework.boot.autoconfigure.cache.CacheManagerCustomizers' of type [org.springframework.boot.autoconfigure.cache.CacheManagerCustomizers] is not eligible for getting processed by all BeanPostProcessors (for example: not eligible for auto-proxying) 
[2018-01-11 14:21:20.886] [main]  [INFO ] org.springframework.context.support.PostProcessorRegistrationDelegate$BeanPostProcessorChecker Bean 'org.springframework.boot.autoconfigure.cache.SimpleCacheConfiguration' of type [org.springframework.boot.autoconfigure.cache.SimpleCacheConfiguration$$EnhancerBySpringCGLIB$$84e9ffa0] is not eligible for getting processed by all BeanPostProcessors (for example: not eligible for auto-proxying) 
[2018-01-11 14:21:20.886] [main]  [INFO ] org.springframework.context.support.PostProcessorRegistrationDelegate$BeanPostProcessorChecker Bean 'cacheManager' of type [org.springframework.cache.concurrent.ConcurrentMapCacheManager] is not eligible for getting processed by all BeanPostProcessors (for example: not eligible for auto-proxying) 
[2018-01-11 14:21:20.902] [main]  [INFO ] org.springframework.context.support.PostProcessorRegistrationDelegate$BeanPostProcessorChecker Bean 'cacheAutoConfigurationValidator' of type [org.springframework.boot.autoconfigure.cache.CacheAutoConfiguration$CacheManagerValidator] is not eligible for getting processed by all BeanPostProcessors (for example: not eligible for auto-proxying) 
[2018-01-11 14:21:20.917] [main]  [WARN ] org.springframework.boot.context.embedded.AnnotationConfigEmbeddedWebApplicationContext Exception encountered during context initialization - cancelling refresh attempt: org.springframework.context.ApplicationContextException: Unable to start embedded container; nested exception is org.springframework.context.ApplicationContextException: Unable to start EmbeddedWebApplicationContext due to missing EmbeddedServletContainerFactory bean. 
[2018-01-11 14:21:20.917] [main]  [ERROR] org.springframework.boot.SpringApplication Application startup failed 
org.springframework.context.ApplicationContextException: Unable to start embedded container; nested exception is org.springframework.context.ApplicationContextException: Unable to start EmbeddedWebApplicationContext due to missing EmbeddedServletContainerFactory bean.
	at org.springframework.boot.context.embedded.EmbeddedWebApplicationContext.onRefresh(EmbeddedWebApplicationContext.java:137)
	at org.springframework.context.support.AbstractApplicationContext.refresh(AbstractApplicationContext.java:537)
	at org.springframework.boot.context.embedded.EmbeddedWebApplicationContext.refresh(EmbeddedWebApplicationContext.java:122)
	at org.springframework.boot.SpringApplication.refresh(SpringApplication.java:762)
	at org.springframework.boot.SpringApplication.refreshContext(SpringApplication.java:372)
	at org.springframework.boot.SpringApplication.run(SpringApplication.java:316)
	at org.springframework.boot.SpringApplication.run(SpringApplication.java:1187)
	at org.springframework.boot.SpringApplication.run(SpringApplication.java:1176)
	at com.feeling.apollo.ApolloDemo.main(ApolloDemo.java:20)
Caused by: org.springframework.context.ApplicationContextException: Unable to start EmbeddedWebApplicationContext due to missing EmbeddedServletContainerFactory bean.
	at org.springframework.boot.context.embedded.EmbeddedWebApplicationContext.getEmbeddedServletContainerFactory(EmbeddedWebApplicationContext.java:189)
	at org.springframework.boot.context.embedded.EmbeddedWebApplicationContext.createEmbeddedServletContainer(EmbeddedWebApplicationContext.java:162)
	at org.springframework.boot.context.embedded.EmbeddedWebApplicationContext.onRefresh(EmbeddedWebApplicationContext.java:134)
	... 8 common frames omitted
[2018-01-11 14:23:36.446] [main]  [INFO ] com.feeling.apollo.ApolloDemo Starting ApolloDemo on DESKTOP-BBHR8PN with PID 14868 (E:\eclipse_workspace\apollo\apllodemo\target\classes started by liangwenbo in E:\eclipse_workspace\apollo\apllodemo) 
[2018-01-11 14:23:36.446] [main]  [INFO ] com.feeling.apollo.ApolloDemo No active profile set, falling back to default profiles: default 
[2018-01-11 14:23:36.493] [main]  [INFO ] org.springframework.boot.context.embedded.AnnotationConfigEmbeddedWebApplicationContext Refreshing org.springframework.boot.context.embedded.AnnotationConfigEmbeddedWebApplicationContext@f3419f7: startup date [Thu Jan 11 14:23:36 CST 2018]; root of context hierarchy 
[2018-01-11 14:23:37.243] [main]  [INFO ] org.springframework.beans.factory.xml.XmlBeanDefinitionReader Loading XML bean definitions from file [E:\eclipse_workspace\apollo\apllodemo\target\classes\config\bean-config.xml] 
[2018-01-11 14:23:37.306] [main]  [WARN ] org.mybatis.spring.mapper.ClassPathMapperScanner No MyBatis mapper was found in '[com.feeling.mapper]' package. Please check your configuration. 
[2018-01-11 14:23:37.399] [main]  [WARN ] org.mybatis.spring.mapper.ClassPathMapperScanner No MyBatis mapper was found in '[com.feeling.apollo]' package. Please check your configuration. 
[2018-01-11 14:23:37.661] [main]  [INFO ] org.springframework.context.support.PostProcessorRegistrationDelegate$BeanPostProcessorChecker Bean 'org.springframework.transaction.annotation.ProxyTransactionManagementConfiguration' of type [org.springframework.transaction.annotation.ProxyTransactionManagementConfiguration$$EnhancerBySpringCGLIB$$a093ac34] is not eligible for getting processed by all BeanPostProcessors (for example: not eligible for auto-proxying) 
[2018-01-11 14:23:37.692] [main]  [WARN ] org.springframework.boot.context.embedded.AnnotationConfigEmbeddedWebApplicationContext Exception encountered during context initialization - cancelling refresh attempt: org.springframework.context.ApplicationContextException: Unable to start embedded container; nested exception is org.springframework.context.ApplicationContextException: Unable to start EmbeddedWebApplicationContext due to missing EmbeddedServletContainerFactory bean. 
[2018-01-11 14:23:37.692] [main]  [ERROR] org.springframework.boot.SpringApplication Application startup failed 
org.springframework.context.ApplicationContextException: Unable to start embedded container; nested exception is org.springframework.context.ApplicationContextException: Unable to start EmbeddedWebApplicationContext due to missing EmbeddedServletContainerFactory bean.
	at org.springframework.boot.context.embedded.EmbeddedWebApplicationContext.onRefresh(EmbeddedWebApplicationContext.java:137)
	at org.springframework.context.support.AbstractApplicationContext.refresh(AbstractApplicationContext.java:537)
	at org.springframework.boot.context.embedded.EmbeddedWebApplicationContext.refresh(EmbeddedWebApplicationContext.java:122)
	at org.springframework.boot.SpringApplication.refresh(SpringApplication.java:762)
	at org.springframework.boot.SpringApplication.refreshContext(SpringApplication.java:372)
	at org.springframework.boot.SpringApplication.run(SpringApplication.java:316)
	at org.springframework.boot.SpringApplication.run(SpringApplication.java:1187)
	at org.springframework.boot.SpringApplication.run(SpringApplication.java:1176)
	at com.feeling.apollo.ApolloDemo.main(ApolloDemo.java:19)
Caused by: org.springframework.context.ApplicationContextException: Unable to start EmbeddedWebApplicationContext due to missing EmbeddedServletContainerFactory bean.
	at org.springframework.boot.context.embedded.EmbeddedWebApplicationContext.getEmbeddedServletContainerFactory(EmbeddedWebApplicationContext.java:189)
	at org.springframework.boot.context.embedded.EmbeddedWebApplicationContext.createEmbeddedServletContainer(EmbeddedWebApplicationContext.java:162)
	at org.springframework.boot.context.embedded.EmbeddedWebApplicationContext.onRefresh(EmbeddedWebApplicationContext.java:134)
	... 8 common frames omitted
[2018-01-11 14:24:45.849] [main]  [INFO ] com.feeling.apollo.ApolloDemo Starting ApolloDemo on DESKTOP-BBHR8PN with PID 11880 (E:\eclipse_workspace\apollo\apllodemo\target\classes started by liangwenbo in E:\eclipse_workspace\apollo\apllodemo) 
[2018-01-11 14:24:45.849] [main]  [INFO ] com.feeling.apollo.ApolloDemo No active profile set, falling back to default profiles: default 
[2018-01-11 14:24:45.896] [main]  [INFO ] org.springframework.boot.context.embedded.AnnotationConfigEmbeddedWebApplicationContext Refreshing org.springframework.boot.context.embedded.AnnotationConfigEmbeddedWebApplicationContext@541fe910: startup date [Thu Jan 11 14:24:45 CST 2018]; root of context hierarchy 
[2018-01-11 14:24:45.990] [background-preinit]  [INFO ] org.hibernate.validator.internal.util.Version HV000001: Hibernate Validator 5.2.4.Final 
[2018-01-11 14:24:46.521] [main]  [INFO ] org.springframework.beans.factory.xml.XmlBeanDefinitionReader Loading XML bean definitions from file [E:\eclipse_workspace\apollo\apllodemo\target\classes\config\bean-config.xml] 
[2018-01-11 14:24:46.584] [main]  [WARN ] org.mybatis.spring.mapper.ClassPathMapperScanner No MyBatis mapper was found in '[com.feeling.mapper]' package. Please check your configuration. 
[2018-01-11 14:24:46.688] [main]  [WARN ] org.mybatis.spring.mapper.ClassPathMapperScanner No MyBatis mapper was found in '[com.feeling.apollo]' package. Please check your configuration. 
[2018-01-11 14:24:46.954] [main]  [INFO ] org.springframework.context.support.PostProcessorRegistrationDelegate$BeanPostProcessorChecker Bean 'org.springframework.transaction.annotation.ProxyTransactionManagementConfiguration' of type [org.springframework.transaction.annotation.ProxyTransactionManagementConfiguration$$EnhancerBySpringCGLIB$$80d0e49e] is not eligible for getting processed by all BeanPostProcessors (for example: not eligible for auto-proxying) 
[2018-01-11 14:24:47.704] [main]  [INFO ] org.springframework.boot.context.embedded.tomcat.TomcatEmbeddedServletContainer Tomcat initialized with port(s): 8097 (http) 
[2018-01-11 14:24:47.723] [main]  [INFO ] org.apache.catalina.core.StandardService Starting service Tomcat 
[2018-01-11 14:24:47.723] [main]  [INFO ] org.apache.catalina.core.StandardEngine Starting Servlet Engine: Apache Tomcat/8.5.11 
[2018-01-11 14:24:47.816] [localhost-startStop-1]  [INFO ] org.apache.catalina.core.ContainerBase.[Tomcat].[localhost].[/index] Initializing Spring embedded WebApplicationContext 
[2018-01-11 14:24:47.816] [localhost-startStop-1]  [INFO ] org.springframework.web.context.ContextLoader Root WebApplicationContext: initialization completed in 1920 ms 
[2018-01-11 14:24:47.973] [localhost-startStop-1]  [INFO ] org.springframework.boot.web.servlet.ServletRegistrationBean Mapping servlet: 'dispatcherServlet' to [/] 
[2018-01-11 14:24:47.973] [localhost-startStop-1]  [INFO ] org.springframework.boot.web.servlet.ServletRegistrationBean Mapping servlet: 'statViewServlet' to [/druid/*] 
[2018-01-11 14:24:47.973] [localhost-startStop-1]  [INFO ] org.springframework.boot.web.servlet.FilterRegistrationBean Mapping filter: 'characterEncodingFilter' to: [/*] 
[2018-01-11 14:24:47.973] [localhost-startStop-1]  [INFO ] org.springframework.boot.web.servlet.FilterRegistrationBean Mapping filter: 'hiddenHttpMethodFilter' to: [/*] 
[2018-01-11 14:24:47.973] [localhost-startStop-1]  [INFO ] org.springframework.boot.web.servlet.FilterRegistrationBean Mapping filter: 'httpPutFormContentFilter' to: [/*] 
[2018-01-11 14:24:47.973] [localhost-startStop-1]  [INFO ] org.springframework.boot.web.servlet.FilterRegistrationBean Mapping filter: 'requestContextFilter' to: [/*] 
[2018-01-11 14:24:47.973] [localhost-startStop-1]  [INFO ] org.springframework.boot.web.servlet.FilterRegistrationBean Mapping filter: 'webStatFilter' to urls: [/*] 
[2018-01-11 14:24:48.254] [main]  [INFO ] org.springframework.web.servlet.mvc.method.annotation.RequestMappingHandlerAdapter Looking for @ControllerAdvice: org.springframework.boot.context.embedded.AnnotationConfigEmbeddedWebApplicationContext@541fe910: startup date [Thu Jan 11 14:24:45 CST 2018]; root of context hierarchy 
[2018-01-11 14:24:48.316] [main]  [INFO ] org.springframework.web.servlet.mvc.method.annotation.RequestMappingHandlerMapping Mapped "{[/test]}" onto public void com.feeling.apollo.controller.DemoController.syso() 
[2018-01-11 14:24:48.316] [main]  [INFO ] org.springframework.web.servlet.mvc.method.annotation.RequestMappingHandlerMapping Mapped "{[/error]}" onto public org.springframework.http.ResponseEntity<java.util.Map<java.lang.String, java.lang.Object>> org.springframework.boot.autoconfigure.web.BasicErrorController.error(javax.servlet.http.HttpServletRequest) 
[2018-01-11 14:24:48.316] [main]  [INFO ] org.springframework.web.servlet.mvc.method.annotation.RequestMappingHandlerMapping Mapped "{[/error],produces=[text/html]}" onto public org.springframework.web.servlet.ModelAndView org.springframework.boot.autoconfigure.web.BasicErrorController.errorHtml(javax.servlet.http.HttpServletRequest,javax.servlet.http.HttpServletResponse) 
[2018-01-11 14:24:48.363] [main]  [INFO ] org.springframework.web.servlet.handler.SimpleUrlHandlerMapping Mapped URL path [/webjars/**] onto handler of type [class org.springframework.web.servlet.resource.ResourceHttpRequestHandler] 
[2018-01-11 14:24:48.363] [main]  [INFO ] org.springframework.web.servlet.handler.SimpleUrlHandlerMapping Mapped URL path [/**] onto handler of type [class org.springframework.web.servlet.resource.ResourceHttpRequestHandler] 
[2018-01-11 14:24:48.410] [main]  [INFO ] org.springframework.web.servlet.handler.SimpleUrlHandlerMapping Mapped URL path [/**/favicon.ico] onto handler of type [class org.springframework.web.servlet.resource.ResourceHttpRequestHandler] 
[2018-01-11 14:24:48.426] [main]  [INFO ] org.springframework.boot.autoconfigure.web.WebMvcAutoConfiguration$WelcomePageHandlerMapping Adding welcome page: ServletContext resource [/index.html] 
[2018-01-11 14:24:49.926] [main]  [WARN ] org.springframework.boot.context.embedded.AnnotationConfigEmbeddedWebApplicationContext Exception encountered during context initialization - cancelling refresh attempt: org.springframework.beans.factory.BeanCreationException: Error creating bean with name 'dataSource' defined in class path resource [com/alibaba/druid/spring/boot/autoconfigure/DruidDataSourceAutoConfigure.class]: Invocation of init method failed; nested exception is java.lang.IllegalStateException: Cannot load driver class: oracle.jdbc.driver.OracleDriver 
[2018-01-11 14:24:49.936] [main]  [INFO ] org.apache.catalina.core.StandardService Stopping service Tomcat 
[2018-01-11 14:24:50.061] [main]  [INFO ] org.springframework.boot.autoconfigure.logging.AutoConfigurationReportLoggingInitializer 

Error starting ApplicationContext. To display the auto-configuration report re-run your application with 'debug' enabled. 
[2018-01-11 14:24:50.061] [main]  [ERROR] org.springframework.boot.SpringApplication Application startup failed 
org.springframework.beans.factory.BeanCreationException: Error creating bean with name 'dataSource' defined in class path resource [com/alibaba/druid/spring/boot/autoconfigure/DruidDataSourceAutoConfigure.class]: Invocation of init method failed; nested exception is java.lang.IllegalStateException: Cannot load driver class: oracle.jdbc.driver.OracleDriver
	at org.springframework.beans.factory.support.AbstractAutowireCapableBeanFactory.initializeBean(AbstractAutowireCapableBeanFactory.java:1628)
	at org.springframework.beans.factory.support.AbstractAutowireCapableBeanFactory.doCreateBean(AbstractAutowireCapableBeanFactory.java:555)
	at org.springframework.beans.factory.support.AbstractAutowireCapableBeanFactory.createBean(AbstractAutowireCapableBeanFactory.java:483)
	at org.springframework.beans.factory.support.AbstractBeanFactory$1.getObject(AbstractBeanFactory.java:306)
	at org.springframework.beans.factory.support.DefaultSingletonBeanRegistry.getSingleton(DefaultSingletonBeanRegistry.java:230)
	at org.springframework.beans.factory.support.AbstractBeanFactory.doGetBean(AbstractBeanFactory.java:302)
	at org.springframework.beans.factory.support.AbstractBeanFactory.getBean(AbstractBeanFactory.java:197)
	at org.springframework.beans.factory.support.DefaultListableBeanFactory.preInstantiateSingletons(DefaultListableBeanFactory.java:761)
	at org.springframework.context.support.AbstractApplicationContext.finishBeanFactoryInitialization(AbstractApplicationContext.java:867)
	at org.springframework.context.support.AbstractApplicationContext.refresh(AbstractApplicationContext.java:543)
	at org.springframework.boot.context.embedded.EmbeddedWebApplicationContext.refresh(EmbeddedWebApplicationContext.java:122)
	at org.springframework.boot.SpringApplication.refresh(SpringApplication.java:762)
	at org.springframework.boot.SpringApplication.refreshContext(SpringApplication.java:372)
	at org.springframework.boot.SpringApplication.run(SpringApplication.java:316)
	at org.springframework.boot.SpringApplication.run(SpringApplication.java:1187)
	at org.springframework.boot.SpringApplication.run(SpringApplication.java:1176)
	at com.feeling.apollo.ApolloDemo.main(ApolloDemo.java:19)
Caused by: java.lang.IllegalStateException: Cannot load driver class: oracle.jdbc.driver.OracleDriver
	at org.springframework.util.Assert.state(Assert.java:70)
	at org.springframework.boot.autoconfigure.jdbc.DataSourceProperties.determineDriverClassName(DataSourceProperties.java:230)
	at com.alibaba.druid.spring.boot.autoconfigure.DruidDataSourceWrapper.afterPropertiesSet(DruidDataSourceWrapper.java:53)
	at org.springframework.beans.factory.support.AbstractAutowireCapableBeanFactory.invokeInitMethods(AbstractAutowireCapableBeanFactory.java:1687)
	at org.springframework.beans.factory.support.AbstractAutowireCapableBeanFactory.initializeBean(AbstractAutowireCapableBeanFactory.java:1624)
	... 16 common frames omitted
[2018-01-11 14:26:57.839] [main]  [INFO ] com.feeling.apollo.ApolloDemo Starting ApolloDemo on DESKTOP-BBHR8PN with PID 7016 (E:\eclipse_workspace\apollo\apllodemo\target\classes started by liangwenbo in E:\eclipse_workspace\apollo\apllodemo) 
[2018-01-11 14:26:57.839] [main]  [INFO ] com.feeling.apollo.ApolloDemo No active profile set, falling back to default profiles: default 
[2018-01-11 14:26:57.901] [main]  [INFO ] org.springframework.boot.context.embedded.AnnotationConfigEmbeddedWebApplicationContext Refreshing org.springframework.boot.context.embedded.AnnotationConfigEmbeddedWebApplicationContext@19d244d9: startup date [Thu Jan 11 14:26:57 CST 2018]; root of context hierarchy 
[2018-01-11 14:26:57.980] [background-preinit]  [INFO ] org.hibernate.validator.internal.util.Version HV000001: Hibernate Validator 5.2.4.Final 
[2018-01-11 14:26:58.526] [main]  [INFO ] org.springframework.beans.factory.xml.XmlBeanDefinitionReader Loading XML bean definitions from file [E:\eclipse_workspace\apollo\apllodemo\target\classes\config\bean-config.xml] 
[2018-01-11 14:26:58.589] [main]  [WARN ] org.mybatis.spring.mapper.ClassPathMapperScanner No MyBatis mapper was found in '[com.feeling.mapper]' package. Please check your configuration. 
[2018-01-11 14:26:58.698] [main]  [WARN ] org.mybatis.spring.mapper.ClassPathMapperScanner No MyBatis mapper was found in '[com.feeling.apollo]' package. Please check your configuration. 
[2018-01-11 14:26:58.964] [main]  [INFO ] org.springframework.context.support.PostProcessorRegistrationDelegate$BeanPostProcessorChecker Bean 'org.springframework.transaction.annotation.ProxyTransactionManagementConfiguration' of type [org.springframework.transaction.annotation.ProxyTransactionManagementConfiguration$$EnhancerBySpringCGLIB$$fe04e260] is not eligible for getting processed by all BeanPostProcessors (for example: not eligible for auto-proxying) 
[2018-01-11 14:26:59.440] [main]  [INFO ] org.springframework.boot.context.embedded.tomcat.TomcatEmbeddedServletContainer Tomcat initialized with port(s): 8097 (http) 
[2018-01-11 14:26:59.440] [main]  [INFO ] org.apache.catalina.core.StandardService Starting service Tomcat 
[2018-01-11 14:26:59.440] [main]  [INFO ] org.apache.catalina.core.StandardEngine Starting Servlet Engine: Apache Tomcat/8.5.11 
[2018-01-11 14:26:59.549] [localhost-startStop-1]  [INFO ] org.apache.catalina.core.ContainerBase.[Tomcat].[localhost].[/index] Initializing Spring embedded WebApplicationContext 
[2018-01-11 14:26:59.549] [localhost-startStop-1]  [INFO ] org.springframework.web.context.ContextLoader Root WebApplicationContext: initialization completed in 1648 ms 
[2018-01-11 14:26:59.716] [localhost-startStop-1]  [INFO ] org.springframework.boot.web.servlet.ServletRegistrationBean Mapping servlet: 'dispatcherServlet' to [/] 
[2018-01-11 14:26:59.716] [localhost-startStop-1]  [INFO ] org.springframework.boot.web.servlet.ServletRegistrationBean Mapping servlet: 'statViewServlet' to [/druid/*] 
[2018-01-11 14:26:59.716] [localhost-startStop-1]  [INFO ] org.springframework.boot.web.servlet.FilterRegistrationBean Mapping filter: 'characterEncodingFilter' to: [/*] 
[2018-01-11 14:26:59.716] [localhost-startStop-1]  [INFO ] org.springframework.boot.web.servlet.FilterRegistrationBean Mapping filter: 'hiddenHttpMethodFilter' to: [/*] 
[2018-01-11 14:26:59.716] [localhost-startStop-1]  [INFO ] org.springframework.boot.web.servlet.FilterRegistrationBean Mapping filter: 'httpPutFormContentFilter' to: [/*] 
[2018-01-11 14:26:59.716] [localhost-startStop-1]  [INFO ] org.springframework.boot.web.servlet.FilterRegistrationBean Mapping filter: 'requestContextFilter' to: [/*] 
[2018-01-11 14:26:59.716] [localhost-startStop-1]  [INFO ] org.springframework.boot.web.servlet.FilterRegistrationBean Mapping filter: 'webStatFilter' to urls: [/*] 
[2018-01-11 14:26:59.966] [main]  [INFO ] org.springframework.web.servlet.mvc.method.annotation.RequestMappingHandlerAdapter Looking for @ControllerAdvice: org.springframework.boot.context.embedded.AnnotationConfigEmbeddedWebApplicationContext@19d244d9: startup date [Thu Jan 11 14:26:57 CST 2018]; root of context hierarchy 
[2018-01-11 14:27:00.057] [main]  [INFO ] org.springframework.web.servlet.mvc.method.annotation.RequestMappingHandlerMapping Mapped "{[/test]}" onto public void com.feeling.apollo.controller.DemoController.syso() 
[2018-01-11 14:27:00.057] [main]  [INFO ] org.springframework.web.servlet.mvc.method.annotation.RequestMappingHandlerMapping Mapped "{[/error]}" onto public org.springframework.http.ResponseEntity<java.util.Map<java.lang.String, java.lang.Object>> org.springframework.boot.autoconfigure.web.BasicErrorController.error(javax.servlet.http.HttpServletRequest) 
[2018-01-11 14:27:00.057] [main]  [INFO ] org.springframework.web.servlet.mvc.method.annotation.RequestMappingHandlerMapping Mapped "{[/error],produces=[text/html]}" onto public org.springframework.web.servlet.ModelAndView org.springframework.boot.autoconfigure.web.BasicErrorController.errorHtml(javax.servlet.http.HttpServletRequest,javax.servlet.http.HttpServletResponse) 
[2018-01-11 14:27:00.088] [main]  [INFO ] org.springframework.web.servlet.handler.SimpleUrlHandlerMapping Mapped URL path [/webjars/**] onto handler of type [class org.springframework.web.servlet.resource.ResourceHttpRequestHandler] 
[2018-01-11 14:27:00.088] [main]  [INFO ] org.springframework.web.servlet.handler.SimpleUrlHandlerMapping Mapped URL path [/**] onto handler of type [class org.springframework.web.servlet.resource.ResourceHttpRequestHandler] 
[2018-01-11 14:27:00.135] [main]  [INFO ] org.springframework.web.servlet.handler.SimpleUrlHandlerMapping Mapped URL path [/**/favicon.ico] onto handler of type [class org.springframework.web.servlet.resource.ResourceHttpRequestHandler] 
[2018-01-11 14:27:00.166] [main]  [INFO ] org.springframework.boot.autoconfigure.web.WebMvcAutoConfiguration$WelcomePageHandlerMapping Adding welcome page: ServletContext resource [/index.html] 
[2018-01-11 14:27:01.573] [main]  [WARN ] org.springframework.boot.context.embedded.AnnotationConfigEmbeddedWebApplicationContext Exception encountered during context initialization - cancelling refresh attempt: org.springframework.beans.factory.BeanCreationException: Error creating bean with name 'dataSource' defined in class path resource [com/alibaba/druid/spring/boot/autoconfigure/DruidDataSourceAutoConfigure.class]: Invocation of init method failed; nested exception is java.lang.IllegalStateException: Cannot load driver class: oracle.jdbc.driver.OracleDriver 
[2018-01-11 14:27:01.588] [main]  [INFO ] org.apache.catalina.core.StandardService Stopping service Tomcat 
[2018-01-11 14:27:01.635] [main]  [INFO ] org.springframework.boot.autoconfigure.logging.AutoConfigurationReportLoggingInitializer 

Error starting ApplicationContext. To display the auto-configuration report re-run your application with 'debug' enabled. 
[2018-01-11 14:27:01.635] [main]  [ERROR] org.springframework.boot.SpringApplication Application startup failed 
org.springframework.beans.factory.BeanCreationException: Error creating bean with name 'dataSource' defined in class path resource [com/alibaba/druid/spring/boot/autoconfigure/DruidDataSourceAutoConfigure.class]: Invocation of init method failed; nested exception is java.lang.IllegalStateException: Cannot load driver class: oracle.jdbc.driver.OracleDriver
	at org.springframework.beans.factory.support.AbstractAutowireCapableBeanFactory.initializeBean(AbstractAutowireCapableBeanFactory.java:1628)
	at org.springframework.beans.factory.support.AbstractAutowireCapableBeanFactory.doCreateBean(AbstractAutowireCapableBeanFactory.java:555)
	at org.springframework.beans.factory.support.AbstractAutowireCapableBeanFactory.createBean(AbstractAutowireCapableBeanFactory.java:483)
	at org.springframework.beans.factory.support.AbstractBeanFactory$1.getObject(AbstractBeanFactory.java:306)
	at org.springframework.beans.factory.support.DefaultSingletonBeanRegistry.getSingleton(DefaultSingletonBeanRegistry.java:230)
	at org.springframework.beans.factory.support.AbstractBeanFactory.doGetBean(AbstractBeanFactory.java:302)
	at org.springframework.beans.factory.support.AbstractBeanFactory.getBean(AbstractBeanFactory.java:197)
	at org.springframework.beans.factory.support.DefaultListableBeanFactory.preInstantiateSingletons(DefaultListableBeanFactory.java:761)
	at org.springframework.context.support.AbstractApplicationContext.finishBeanFactoryInitialization(AbstractApplicationContext.java:867)
	at org.springframework.context.support.AbstractApplicationContext.refresh(AbstractApplicationContext.java:543)
	at org.springframework.boot.context.embedded.EmbeddedWebApplicationContext.refresh(EmbeddedWebApplicationContext.java:122)
	at org.springframework.boot.SpringApplication.refresh(SpringApplication.java:762)
	at org.springframework.boot.SpringApplication.refreshContext(SpringApplication.java:372)
	at org.springframework.boot.SpringApplication.run(SpringApplication.java:316)
	at org.springframework.boot.SpringApplication.run(SpringApplication.java:1187)
	at org.springframework.boot.SpringApplication.run(SpringApplication.java:1176)
	at com.feeling.apollo.ApolloDemo.main(ApolloDemo.java:19)
Caused by: java.lang.IllegalStateException: Cannot load driver class: oracle.jdbc.driver.OracleDriver
	at org.springframework.util.Assert.state(Assert.java:70)
	at org.springframework.boot.autoconfigure.jdbc.DataSourceProperties.determineDriverClassName(DataSourceProperties.java:230)
	at com.alibaba.druid.spring.boot.autoconfigure.DruidDataSourceWrapper.afterPropertiesSet(DruidDataSourceWrapper.java:53)
	at org.springframework.beans.factory.support.AbstractAutowireCapableBeanFactory.invokeInitMethods(AbstractAutowireCapableBeanFactory.java:1687)
	at org.springframework.beans.factory.support.AbstractAutowireCapableBeanFactory.initializeBean(AbstractAutowireCapableBeanFactory.java:1624)
	... 16 common frames omitted
[2018-01-11 14:30:51.553] [main]  [INFO ] com.feeling.apollo.ApolloDemo Starting ApolloDemo on DESKTOP-BBHR8PN with PID 10872 (E:\eclipse_workspace\apollo\apllodemo\target\classes started by liangwenbo in E:\eclipse_workspace\apollo\apllodemo) 
[2018-01-11 14:30:51.568] [main]  [INFO ] com.feeling.apollo.ApolloDemo No active profile set, falling back to default profiles: default 
[2018-01-11 14:30:51.615] [main]  [INFO ] org.springframework.boot.context.embedded.AnnotationConfigEmbeddedWebApplicationContext Refreshing org.springframework.boot.context.embedded.AnnotationConfigEmbeddedWebApplicationContext@71415d6c: startup date [Thu Jan 11 14:30:51 CST 2018]; root of context hierarchy 
[2018-01-11 14:30:51.693] [background-preinit]  [INFO ] org.hibernate.validator.internal.util.Version HV000001: Hibernate Validator 5.2.4.Final 
[2018-01-11 14:30:52.225] [main]  [INFO ] org.springframework.beans.factory.xml.XmlBeanDefinitionReader Loading XML bean definitions from file [E:\eclipse_workspace\apollo\apllodemo\target\classes\config\bean-config.xml] 
[2018-01-11 14:30:52.271] [main]  [WARN ] org.mybatis.spring.mapper.ClassPathMapperScanner No MyBatis mapper was found in '[com.feeling.mapper]' package. Please check your configuration. 
[2018-01-11 14:30:52.381] [main]  [WARN ] org.mybatis.spring.mapper.ClassPathMapperScanner No MyBatis mapper was found in '[com.feeling.apollo]' package. Please check your configuration. 
[2018-01-11 14:30:52.662] [main]  [INFO ] org.springframework.context.support.PostProcessorRegistrationDelegate$BeanPostProcessorChecker Bean 'org.springframework.transaction.annotation.ProxyTransactionManagementConfiguration' of type [org.springframework.transaction.annotation.ProxyTransactionManagementConfiguration$$EnhancerBySpringCGLIB$$8a1e9a6e] is not eligible for getting processed by all BeanPostProcessors (for example: not eligible for auto-proxying) 
[2018-01-11 14:30:53.122] [main]  [INFO ] org.springframework.boot.context.embedded.tomcat.TomcatEmbeddedServletContainer Tomcat initialized with port(s): 8097 (http) 
[2018-01-11 14:30:53.153] [main]  [INFO ] org.apache.catalina.core.StandardService Starting service Tomcat 
[2018-01-11 14:30:53.153] [main]  [INFO ] org.apache.catalina.core.StandardEngine Starting Servlet Engine: Apache Tomcat/8.5.11 
[2018-01-11 14:30:53.247] [localhost-startStop-1]  [INFO ] org.apache.catalina.core.ContainerBase.[Tomcat].[localhost].[/index] Initializing Spring embedded WebApplicationContext 
[2018-01-11 14:30:53.247] [localhost-startStop-1]  [INFO ] org.springframework.web.context.ContextLoader Root WebApplicationContext: initialization completed in 1632 ms 
[2018-01-11 14:30:53.403] [localhost-startStop-1]  [INFO ] org.springframework.boot.web.servlet.ServletRegistrationBean Mapping servlet: 'dispatcherServlet' to [/] 
[2018-01-11 14:30:53.403] [localhost-startStop-1]  [INFO ] org.springframework.boot.web.servlet.ServletRegistrationBean Mapping servlet: 'statViewServlet' to [/druid/*] 
[2018-01-11 14:30:53.403] [localhost-startStop-1]  [INFO ] org.springframework.boot.web.servlet.FilterRegistrationBean Mapping filter: 'characterEncodingFilter' to: [/*] 
[2018-01-11 14:30:53.403] [localhost-startStop-1]  [INFO ] org.springframework.boot.web.servlet.FilterRegistrationBean Mapping filter: 'hiddenHttpMethodFilter' to: [/*] 
[2018-01-11 14:30:53.403] [localhost-startStop-1]  [INFO ] org.springframework.boot.web.servlet.FilterRegistrationBean Mapping filter: 'httpPutFormContentFilter' to: [/*] 
[2018-01-11 14:30:53.403] [localhost-startStop-1]  [INFO ] org.springframework.boot.web.servlet.FilterRegistrationBean Mapping filter: 'requestContextFilter' to: [/*] 
[2018-01-11 14:30:53.403] [localhost-startStop-1]  [INFO ] org.springframework.boot.web.servlet.FilterRegistrationBean Mapping filter: 'webStatFilter' to urls: [/*] 
[2018-01-11 14:30:54.137] [main]  [WARN ] org.springframework.boot.context.embedded.AnnotationConfigEmbeddedWebApplicationContext Exception encountered during context initialization - cancelling refresh attempt: org.springframework.beans.factory.UnsatisfiedDependencyException: Error creating bean with name 'apolloDemo': Unsatisfied dependency expressed through field 'dataSource'; nested exception is org.springframework.beans.factory.BeanCreationException: Error creating bean with name 'dataSource' defined in class path resource [com/alibaba/druid/spring/boot/autoconfigure/DruidDataSourceAutoConfigure.class]: Invocation of init method failed; nested exception is java.lang.IllegalStateException: Cannot load driver class: oracle.jdbc.driver.OracleDriver 
[2018-01-11 14:30:54.140] [main]  [INFO ] org.apache.catalina.core.StandardService Stopping service Tomcat 
[2018-01-11 14:30:54.187] [main]  [INFO ] org.springframework.boot.autoconfigure.logging.AutoConfigurationReportLoggingInitializer 

Error starting ApplicationContext. To display the auto-configuration report re-run your application with 'debug' enabled. 
[2018-01-11 14:30:54.187] [main]  [ERROR] org.springframework.boot.SpringApplication Application startup failed 
org.springframework.beans.factory.UnsatisfiedDependencyException: Error creating bean with name 'apolloDemo': Unsatisfied dependency expressed through field 'dataSource'; nested exception is org.springframework.beans.factory.BeanCreationException: Error creating bean with name 'dataSource' defined in class path resource [com/alibaba/druid/spring/boot/autoconfigure/DruidDataSourceAutoConfigure.class]: Invocation of init method failed; nested exception is java.lang.IllegalStateException: Cannot load driver class: oracle.jdbc.driver.OracleDriver
	at org.springframework.beans.factory.annotation.AutowiredAnnotationBeanPostProcessor$AutowiredFieldElement.inject(AutowiredAnnotationBeanPostProcessor.java:588)
	at org.springframework.beans.factory.annotation.InjectionMetadata.inject(InjectionMetadata.java:88)
	at org.springframework.beans.factory.annotation.AutowiredAnnotationBeanPostProcessor.postProcessPropertyValues(AutowiredAnnotationBeanPostProcessor.java:366)
	at org.springframework.beans.factory.support.AbstractAutowireCapableBeanFactory.populateBean(AbstractAutowireCapableBeanFactory.java:1264)
	at org.springframework.beans.factory.support.AbstractAutowireCapableBeanFactory.doCreateBean(AbstractAutowireCapableBeanFactory.java:553)
	at org.springframework.beans.factory.support.AbstractAutowireCapableBeanFactory.createBean(AbstractAutowireCapableBeanFactory.java:483)
	at org.springframework.beans.factory.support.AbstractBeanFactory$1.getObject(AbstractBeanFactory.java:306)
	at org.springframework.beans.factory.support.DefaultSingletonBeanRegistry.getSingleton(DefaultSingletonBeanRegistry.java:230)
	at org.springframework.beans.factory.support.AbstractBeanFactory.doGetBean(AbstractBeanFactory.java:302)
	at org.springframework.beans.factory.support.AbstractBeanFactory.getBean(AbstractBeanFactory.java:197)
	at org.springframework.beans.factory.support.DefaultListableBeanFactory.preInstantiateSingletons(DefaultListableBeanFactory.java:761)
	at org.springframework.context.support.AbstractApplicationContext.finishBeanFactoryInitialization(AbstractApplicationContext.java:867)
	at org.springframework.context.support.AbstractApplicationContext.refresh(AbstractApplicationContext.java:543)
	at org.springframework.boot.context.embedded.EmbeddedWebApplicationContext.refresh(EmbeddedWebApplicationContext.java:122)
	at org.springframework.boot.SpringApplication.refresh(SpringApplication.java:762)
	at org.springframework.boot.SpringApplication.refreshContext(SpringApplication.java:372)
	at org.springframework.boot.SpringApplication.run(SpringApplication.java:316)
	at org.springframework.boot.SpringApplication.run(SpringApplication.java:1187)
	at org.springframework.boot.SpringApplication.run(SpringApplication.java:1176)
	at com.feeling.apollo.ApolloDemo.main(ApolloDemo.java:25)
Caused by: org.springframework.beans.factory.BeanCreationException: Error creating bean with name 'dataSource' defined in class path resource [com/alibaba/druid/spring/boot/autoconfigure/DruidDataSourceAutoConfigure.class]: Invocation of init method failed; nested exception is java.lang.IllegalStateException: Cannot load driver class: oracle.jdbc.driver.OracleDriver
	at org.springframework.beans.factory.support.AbstractAutowireCapableBeanFactory.initializeBean(AbstractAutowireCapableBeanFactory.java:1628)
	at org.springframework.beans.factory.support.AbstractAutowireCapableBeanFactory.doCreateBean(AbstractAutowireCapableBeanFactory.java:555)
	at org.springframework.beans.factory.support.AbstractAutowireCapableBeanFactory.createBean(AbstractAutowireCapableBeanFactory.java:483)
	at org.springframework.beans.factory.support.AbstractBeanFactory$1.getObject(AbstractBeanFactory.java:306)
	at org.springframework.beans.factory.support.DefaultSingletonBeanRegistry.getSingleton(DefaultSingletonBeanRegistry.java:230)
	at org.springframework.beans.factory.support.AbstractBeanFactory.doGetBean(AbstractBeanFactory.java:302)
	at org.springframework.beans.factory.support.AbstractBeanFactory.getBean(AbstractBeanFactory.java:202)
	at org.springframework.beans.factory.config.DependencyDescriptor.resolveCandidate(DependencyDescriptor.java:208)
	at org.springframework.beans.factory.support.DefaultListableBeanFactory.doResolveDependency(DefaultListableBeanFactory.java:1138)
	at org.springframework.beans.factory.support.DefaultListableBeanFactory.resolveDependency(DefaultListableBeanFactory.java:1066)
	at org.springframework.beans.factory.annotation.AutowiredAnnotationBeanPostProcessor$AutowiredFieldElement.inject(AutowiredAnnotationBeanPostProcessor.java:585)
	... 19 common frames omitted
Caused by: java.lang.IllegalStateException: Cannot load driver class: oracle.jdbc.driver.OracleDriver
	at org.springframework.util.Assert.state(Assert.java:70)
	at org.springframework.boot.autoconfigure.jdbc.DataSourceProperties.determineDriverClassName(DataSourceProperties.java:230)
	at com.alibaba.druid.spring.boot.autoconfigure.DruidDataSourceWrapper.afterPropertiesSet(DruidDataSourceWrapper.java:53)
	at org.springframework.beans.factory.support.AbstractAutowireCapableBeanFactory.invokeInitMethods(AbstractAutowireCapableBeanFactory.java:1687)
	at org.springframework.beans.factory.support.AbstractAutowireCapableBeanFactory.initializeBean(AbstractAutowireCapableBeanFactory.java:1624)
	... 29 common frames omitted
[2018-01-11 14:36:14.239] [main]  [INFO ] com.feeling.apollo.ApolloDemo Starting ApolloDemo on DESKTOP-BBHR8PN with PID 17196 (E:\eclipse_workspace\apollo\apllodemo\target\classes started by liangwenbo in E:\eclipse_workspace\apollo\apllodemo) 
[2018-01-11 14:36:14.241] [main]  [INFO ] com.feeling.apollo.ApolloDemo No active profile set, falling back to default profiles: default 
[2018-01-11 14:36:14.305] [main]  [INFO ] org.springframework.boot.context.embedded.AnnotationConfigEmbeddedWebApplicationContext Refreshing org.springframework.boot.context.embedded.AnnotationConfigEmbeddedWebApplicationContext@4e907ea2: startup date [Thu Jan 11 14:36:14 CST 2018]; root of context hierarchy 
[2018-01-11 14:36:14.409] [background-preinit]  [INFO ] org.hibernate.validator.internal.util.Version HV000001: Hibernate Validator 5.2.4.Final 
[2018-01-11 14:36:15.026] [main]  [INFO ] org.springframework.beans.factory.xml.XmlBeanDefinitionReader Loading XML bean definitions from file [E:\eclipse_workspace\apollo\apllodemo\target\classes\config\bean-config.xml] 
[2018-01-11 14:36:15.091] [main]  [WARN ] org.mybatis.spring.mapper.ClassPathMapperScanner No MyBatis mapper was found in '[com.feeling.mapper]' package. Please check your configuration. 
[2018-01-11 14:36:15.227] [main]  [WARN ] org.mybatis.spring.mapper.ClassPathMapperScanner No MyBatis mapper was found in '[com.feeling.apollo]' package. Please check your configuration. 
[2018-01-11 14:36:15.529] [main]  [INFO ] org.springframework.context.support.PostProcessorRegistrationDelegate$BeanPostProcessorChecker Bean 'org.springframework.transaction.annotation.ProxyTransactionManagementConfiguration' of type [org.springframework.transaction.annotation.ProxyTransactionManagementConfiguration$$EnhancerBySpringCGLIB$$8d1e7485] is not eligible for getting processed by all BeanPostProcessors (for example: not eligible for auto-proxying) 
[2018-01-11 14:36:16.105] [main]  [INFO ] org.springframework.boot.context.embedded.tomcat.TomcatEmbeddedServletContainer Tomcat initialized with port(s): 8097 (http) 
[2018-01-11 14:36:16.116] [main]  [INFO ] org.apache.catalina.core.StandardService Starting service Tomcat 
[2018-01-11 14:36:16.117] [main]  [INFO ] org.apache.catalina.core.StandardEngine Starting Servlet Engine: Apache Tomcat/8.5.11 
[2018-01-11 14:36:16.214] [localhost-startStop-1]  [INFO ] org.apache.catalina.core.ContainerBase.[Tomcat].[localhost].[/index] Initializing Spring embedded WebApplicationContext 
[2018-01-11 14:36:16.215] [localhost-startStop-1]  [INFO ] org.springframework.web.context.ContextLoader Root WebApplicationContext: initialization completed in 1911 ms 
[2018-01-11 14:36:16.398] [localhost-startStop-1]  [INFO ] org.springframework.boot.web.servlet.ServletRegistrationBean Mapping servlet: 'dispatcherServlet' to [/] 
[2018-01-11 14:36:16.399] [localhost-startStop-1]  [INFO ] org.springframework.boot.web.servlet.ServletRegistrationBean Mapping servlet: 'statViewServlet' to [/druid/*] 
[2018-01-11 14:36:16.403] [localhost-startStop-1]  [INFO ] org.springframework.boot.web.servlet.FilterRegistrationBean Mapping filter: 'characterEncodingFilter' to: [/*] 
[2018-01-11 14:36:16.403] [localhost-startStop-1]  [INFO ] org.springframework.boot.web.servlet.FilterRegistrationBean Mapping filter: 'hiddenHttpMethodFilter' to: [/*] 
[2018-01-11 14:36:16.403] [localhost-startStop-1]  [INFO ] org.springframework.boot.web.servlet.FilterRegistrationBean Mapping filter: 'httpPutFormContentFilter' to: [/*] 
[2018-01-11 14:36:16.403] [localhost-startStop-1]  [INFO ] org.springframework.boot.web.servlet.FilterRegistrationBean Mapping filter: 'requestContextFilter' to: [/*] 
[2018-01-11 14:36:16.403] [localhost-startStop-1]  [INFO ] org.springframework.boot.web.servlet.FilterRegistrationBean Mapping filter: 'webStatFilter' to urls: [/*] 
[2018-01-11 14:36:16.721] [main]  [INFO ] org.springframework.web.servlet.mvc.method.annotation.RequestMappingHandlerAdapter Looking for @ControllerAdvice: org.springframework.boot.context.embedded.AnnotationConfigEmbeddedWebApplicationContext@4e907ea2: startup date [Thu Jan 11 14:36:14 CST 2018]; root of context hierarchy 
[2018-01-11 14:36:16.797] [main]  [INFO ] org.springframework.web.servlet.mvc.method.annotation.RequestMappingHandlerMapping Mapped "{[/test]}" onto public void com.feeling.apollo.controller.DemoController.syso() 
[2018-01-11 14:36:16.800] [main]  [INFO ] org.springframework.web.servlet.mvc.method.annotation.RequestMappingHandlerMapping Mapped "{[/error]}" onto public org.springframework.http.ResponseEntity<java.util.Map<java.lang.String, java.lang.Object>> org.springframework.boot.autoconfigure.web.BasicErrorController.error(javax.servlet.http.HttpServletRequest) 
[2018-01-11 14:36:16.801] [main]  [INFO ] org.springframework.web.servlet.mvc.method.annotation.RequestMappingHandlerMapping Mapped "{[/error],produces=[text/html]}" onto public org.springframework.web.servlet.ModelAndView org.springframework.boot.autoconfigure.web.BasicErrorController.errorHtml(javax.servlet.http.HttpServletRequest,javax.servlet.http.HttpServletResponse) 
[2018-01-11 14:36:16.841] [main]  [INFO ] org.springframework.web.servlet.handler.SimpleUrlHandlerMapping Mapped URL path [/webjars/**] onto handler of type [class org.springframework.web.servlet.resource.ResourceHttpRequestHandler] 
[2018-01-11 14:36:16.841] [main]  [INFO ] org.springframework.web.servlet.handler.SimpleUrlHandlerMapping Mapped URL path [/**] onto handler of type [class org.springframework.web.servlet.resource.ResourceHttpRequestHandler] 
[2018-01-11 14:36:16.886] [main]  [INFO ] org.springframework.web.servlet.handler.SimpleUrlHandlerMapping Mapped URL path [/**/favicon.ico] onto handler of type [class org.springframework.web.servlet.resource.ResourceHttpRequestHandler] 
[2018-01-11 14:36:16.913] [main]  [INFO ] org.springframework.boot.autoconfigure.web.WebMvcAutoConfiguration$WelcomePageHandlerMapping Adding welcome page: ServletContext resource [/index.html] 
[2018-01-11 14:36:18.581] [main]  [ERROR] com.alibaba.druid.pool.DruidAbstractDataSource oracle.jdbc.driver.OracleDriver is deprecated. 
[2018-01-11 14:36:19.214] [main]  [INFO ] org.springframework.jmx.export.annotation.AnnotationMBeanExporter Registering beans for JMX exposure on startup 
[2018-01-11 14:36:19.216] [main]  [INFO ] org.springframework.jmx.export.annotation.AnnotationMBeanExporter Bean with name 'statFilter' has been autodetected for JMX exposure 
[2018-01-11 14:36:19.217] [main]  [INFO ] org.springframework.jmx.export.annotation.AnnotationMBeanExporter Bean with name 'dataSource' has been autodetected for JMX exposure 
[2018-01-11 14:36:19.225] [main]  [INFO ] org.springframework.jmx.export.annotation.AnnotationMBeanExporter Located MBean 'dataSource': registering with JMX server as MBean [com.alibaba.druid.spring.boot.autoconfigure:name=dataSource,type=DruidDataSourceWrapper] 
[2018-01-11 14:36:19.226] [main]  [INFO ] org.springframework.jmx.export.annotation.AnnotationMBeanExporter Located MBean 'statFilter': registering with JMX server as MBean [com.alibaba.druid.filter.stat:name=statFilter,type=StatFilter] 
[2018-01-11 14:36:19.280] [main]  [INFO ] org.apache.coyote.http11.Http11NioProtocol Initializing ProtocolHandler ["http-nio-8097"] 
[2018-01-11 14:36:19.291] [main]  [INFO ] org.apache.coyote.http11.Http11NioProtocol Starting ProtocolHandler [http-nio-8097] 
[2018-01-11 14:36:19.400] [main]  [INFO ] org.apache.tomcat.util.net.NioSelectorPool Using a shared selector for servlet write/read 
[2018-01-11 14:36:19.419] [main]  [INFO ] org.springframework.boot.context.embedded.tomcat.TomcatEmbeddedServletContainer Tomcat started on port(s): 8097 (http) 
[2018-01-11 14:36:19.427] [main]  [INFO ] com.feeling.apollo.ApolloDemo Started ApolloDemo in 10.216 seconds (JVM running for 10.816) 
[2018-01-11 14:37:16.633] [http-nio-8097-exec-1]  [INFO ] org.apache.catalina.core.ContainerBase.[Tomcat].[localhost].[/index] Initializing Spring FrameworkServlet 'dispatcherServlet' 
[2018-01-11 14:37:16.633] [http-nio-8097-exec-1]  [INFO ] org.springframework.web.servlet.DispatcherServlet FrameworkServlet 'dispatcherServlet': initialization started 
[2018-01-11 14:37:16.654] [http-nio-8097-exec-1]  [INFO ] org.springframework.web.servlet.DispatcherServlet FrameworkServlet 'dispatcherServlet': initialization completed in 21 ms 
[2018-01-11 15:19:15.055] [main]  [INFO ] com.feeling.apollo.ApolloDemo Starting ApolloDemo on DESKTOP-BBHR8PN with PID 2424 (E:\eclipse_workspace\apollo\apllodemo\target\classes started by liangwenbo in E:\eclipse_workspace\apollo\apllodemo) 
[2018-01-11 15:19:15.058] [main]  [INFO ] com.feeling.apollo.ApolloDemo No active profile set, falling back to default profiles: default 
[2018-01-11 15:19:15.111] [main]  [INFO ] org.springframework.boot.context.embedded.AnnotationConfigEmbeddedWebApplicationContext Refreshing org.springframework.boot.context.embedded.AnnotationConfigEmbeddedWebApplicationContext@191e1e8c: startup date [Thu Jan 11 15:19:15 CST 2018]; root of context hierarchy 
[2018-01-11 15:19:15.186] [background-preinit]  [INFO ] org.hibernate.validator.internal.util.Version HV000001: Hibernate Validator 5.2.4.Final 
[2018-01-11 15:19:15.708] [main]  [INFO ] org.springframework.beans.factory.xml.XmlBeanDefinitionReader Loading XML bean definitions from file [E:\eclipse_workspace\apollo\apllodemo\target\classes\config\bean-config.xml] 
[2018-01-11 15:19:15.761] [main]  [WARN ] org.mybatis.spring.mapper.ClassPathMapperScanner No MyBatis mapper was found in '[com.feeling.mapper]' package. Please check your configuration. 
[2018-01-11 15:19:15.869] [main]  [WARN ] org.mybatis.spring.mapper.ClassPathMapperScanner No MyBatis mapper was found in '[com.feeling.apollo]' package. Please check your configuration. 
[2018-01-11 15:19:16.126] [main]  [INFO ] org.springframework.context.support.PostProcessorRegistrationDelegate$BeanPostProcessorChecker Bean 'org.springframework.transaction.annotation.ProxyTransactionManagementConfiguration' of type [org.springframework.transaction.annotation.ProxyTransactionManagementConfiguration$$EnhancerBySpringCGLIB$$610b904] is not eligible for getting processed by all BeanPostProcessors (for example: not eligible for auto-proxying) 
[2018-01-11 15:19:16.628] [main]  [INFO ] org.springframework.boot.context.embedded.tomcat.TomcatEmbeddedServletContainer Tomcat initialized with port(s): 8097 (http) 
[2018-01-11 15:19:16.642] [main]  [INFO ] org.apache.catalina.core.StandardService Starting service Tomcat 
[2018-01-11 15:19:16.644] [main]  [INFO ] org.apache.catalina.core.StandardEngine Starting Servlet Engine: Apache Tomcat/8.5.11 
[2018-01-11 15:19:16.733] [localhost-startStop-1]  [INFO ] org.apache.catalina.core.ContainerBase.[Tomcat].[localhost].[/index] Initializing Spring embedded WebApplicationContext 
[2018-01-11 15:19:16.734] [localhost-startStop-1]  [INFO ] org.springframework.web.context.ContextLoader Root WebApplicationContext: initialization completed in 1623 ms 
[2018-01-11 15:19:16.884] [localhost-startStop-1]  [INFO ] org.springframework.boot.web.servlet.ServletRegistrationBean Mapping servlet: 'dispatcherServlet' to [/] 
[2018-01-11 15:19:16.886] [localhost-startStop-1]  [INFO ] org.springframework.boot.web.servlet.ServletRegistrationBean Mapping servlet: 'statViewServlet' to [/druid/*] 
[2018-01-11 15:19:16.888] [localhost-startStop-1]  [INFO ] org.springframework.boot.web.servlet.FilterRegistrationBean Mapping filter: 'characterEncodingFilter' to: [/*] 
[2018-01-11 15:19:16.889] [localhost-startStop-1]  [INFO ] org.springframework.boot.web.servlet.FilterRegistrationBean Mapping filter: 'hiddenHttpMethodFilter' to: [/*] 
[2018-01-11 15:19:16.889] [localhost-startStop-1]  [INFO ] org.springframework.boot.web.servlet.FilterRegistrationBean Mapping filter: 'httpPutFormContentFilter' to: [/*] 
[2018-01-11 15:19:16.889] [localhost-startStop-1]  [INFO ] org.springframework.boot.web.servlet.FilterRegistrationBean Mapping filter: 'requestContextFilter' to: [/*] 
[2018-01-11 15:19:16.889] [localhost-startStop-1]  [INFO ] org.springframework.boot.web.servlet.FilterRegistrationBean Mapping filter: 'webStatFilter' to urls: [/*] 
[2018-01-11 15:19:17.178] [main]  [INFO ] org.springframework.web.servlet.mvc.method.annotation.RequestMappingHandlerAdapter Looking for @ControllerAdvice: org.springframework.boot.context.embedded.AnnotationConfigEmbeddedWebApplicationContext@191e1e8c: startup date [Thu Jan 11 15:19:15 CST 2018]; root of context hierarchy 
[2018-01-11 15:19:17.232] [main]  [INFO ] org.springframework.web.servlet.mvc.method.annotation.RequestMappingHandlerMapping Mapped "{[/test]}" onto public void com.feeling.apollo.controller.DemoController.syso() 
[2018-01-11 15:19:17.235] [main]  [INFO ] org.springframework.web.servlet.mvc.method.annotation.RequestMappingHandlerMapping Mapped "{[/error]}" onto public org.springframework.http.ResponseEntity<java.util.Map<java.lang.String, java.lang.Object>> org.springframework.boot.autoconfigure.web.BasicErrorController.error(javax.servlet.http.HttpServletRequest) 
[2018-01-11 15:19:17.236] [main]  [INFO ] org.springframework.web.servlet.mvc.method.annotation.RequestMappingHandlerMapping Mapped "{[/error],produces=[text/html]}" onto public org.springframework.web.servlet.ModelAndView org.springframework.boot.autoconfigure.web.BasicErrorController.errorHtml(javax.servlet.http.HttpServletRequest,javax.servlet.http.HttpServletResponse) 
[2018-01-11 15:19:17.262] [main]  [INFO ] org.springframework.web.servlet.handler.SimpleUrlHandlerMapping Mapped URL path [/webjars/**] onto handler of type [class org.springframework.web.servlet.resource.ResourceHttpRequestHandler] 
[2018-01-11 15:19:17.262] [main]  [INFO ] org.springframework.web.servlet.handler.SimpleUrlHandlerMapping Mapped URL path [/**] onto handler of type [class org.springframework.web.servlet.resource.ResourceHttpRequestHandler] 
[2018-01-11 15:19:17.304] [main]  [INFO ] org.springframework.web.servlet.handler.SimpleUrlHandlerMapping Mapped URL path [/**/favicon.ico] onto handler of type [class org.springframework.web.servlet.resource.ResourceHttpRequestHandler] 
[2018-01-11 15:19:17.327] [main]  [INFO ] org.springframework.boot.autoconfigure.web.WebMvcAutoConfiguration$WelcomePageHandlerMapping Adding welcome page: ServletContext resource [/index.html] 
[2018-01-11 15:19:18.673] [main]  [ERROR] com.alibaba.druid.pool.DruidAbstractDataSource oracle.jdbc.driver.OracleDriver is deprecated. 
[2018-01-11 15:19:19.085] [main]  [INFO ] org.springframework.jmx.export.annotation.AnnotationMBeanExporter Registering beans for JMX exposure on startup 
[2018-01-11 15:19:19.086] [main]  [INFO ] org.springframework.jmx.export.annotation.AnnotationMBeanExporter Bean with name 'statFilter' has been autodetected for JMX exposure 
[2018-01-11 15:19:19.087] [main]  [INFO ] org.springframework.jmx.export.annotation.AnnotationMBeanExporter Bean with name 'dataSource' has been autodetected for JMX exposure 
[2018-01-11 15:19:19.093] [main]  [INFO ] org.springframework.jmx.export.annotation.AnnotationMBeanExporter Located MBean 'dataSource': registering with JMX server as MBean [com.alibaba.druid.spring.boot.autoconfigure:name=dataSource,type=DruidDataSourceWrapper] 
[2018-01-11 15:19:19.095] [main]  [INFO ] org.springframework.jmx.export.annotation.AnnotationMBeanExporter Located MBean 'statFilter': registering with JMX server as MBean [com.alibaba.druid.filter.stat:name=statFilter,type=StatFilter] 
[2018-01-11 15:19:19.135] [main]  [INFO ] org.apache.coyote.http11.Http11NioProtocol Initializing ProtocolHandler ["http-nio-8097"] 
[2018-01-11 15:19:19.143] [main]  [INFO ] org.apache.coyote.http11.Http11NioProtocol Starting ProtocolHandler [http-nio-8097] 
[2018-01-11 15:19:19.151] [main]  [INFO ] org.apache.tomcat.util.net.NioSelectorPool Using a shared selector for servlet write/read 
[2018-01-11 15:19:19.163] [main]  [INFO ] org.springframework.boot.context.embedded.tomcat.TomcatEmbeddedServletContainer Tomcat started on port(s): 8097 (http) 
[2018-01-11 15:19:19.167] [main]  [INFO ] com.feeling.apollo.ApolloDemo Started ApolloDemo in 9.316 seconds (JVM running for 9.842) 
[2018-01-11 15:19:33.771] [http-nio-8097-exec-2]  [INFO ] org.apache.catalina.core.ContainerBase.[Tomcat].[localhost].[/index] Initializing Spring FrameworkServlet 'dispatcherServlet' 
[2018-01-11 15:19:33.771] [http-nio-8097-exec-2]  [INFO ] org.springframework.web.servlet.DispatcherServlet FrameworkServlet 'dispatcherServlet': initialization started 
[2018-01-11 15:19:33.792] [http-nio-8097-exec-2]  [INFO ] org.springframework.web.servlet.DispatcherServlet FrameworkServlet 'dispatcherServlet': initialization completed in 21 ms 
